<?xml version="1.0" encoding="UTF-8"?>
<!-- Generated by org.testng.reporters.JUnitReportReporter -->
<testsuite hostname="nirmal" name="org.jclouds.vcloud.functions.ParseLoginResponseFromHeadersTest" tests="7" failures="0" timestamp="9 Feb 2013 13:24:17 GMT" time="0.085" errors="0">
  <testcase name="testApplyTerremarkMultipleCookies" time="0.002" classname="org.jclouds.vcloud.functions.ParseLoginResponseFromHeadersTest"/>
  <testcase name="testApplyVirtacore" time="0.002" classname="org.jclouds.vcloud.functions.ParseLoginResponseFromHeadersTest"/>
  <testcase name="testApplyTerremark" time="0.006" classname="org.jclouds.vcloud.functions.ParseLoginResponseFromHeadersTest"/>
  <testcase name="testApplyBlueLock" time="0.002" classname="org.jclouds.vcloud.functions.ParseLoginResponseFromHeadersTest"/>
  <testcase name="testUnmatchedCookieThrowsHttpResponseException" time="0.001" classname="org.jclouds.vcloud.functions.ParseLoginResponseFromHeadersTest"/>
  <testcase name="testApply" time="0.069" classname="org.jclouds.vcloud.functions.ParseLoginResponseFromHeadersTest"/>
  <testcase name="testNoThrowsHttpResponseException" time="0.003" classname="org.jclouds.vcloud.functions.ParseLoginResponseFromHeadersTest"/>
</testsuite>
