<?xml version="1.0" encoding="UTF-8"?>
<!-- Generated by org.testng.reporters.JUnitReportReporter -->
<testsuite hostname="nirmal" name="org.jclouds.vcloud.compute.strategy.VCloudComputeServiceAdapterTest" tests="2" failures="0" timestamp="9 Feb 2013 13:21:13 GMT" time="2.227" errors="0">
  <testcase name="testListHardwareProfilesWithUnsupportedTemplate" time="0.208" classname="org.jclouds.vcloud.compute.strategy.VCloudComputeServiceAdapterTest"/>
  <testcase name="testListHardwareProfiles" time="2.019" classname="org.jclouds.vcloud.compute.strategy.VCloudComputeServiceAdapterTest"/>
</testsuite>
